
**** Build of configuration Debug for project Milestone1 ****

"C:\\ti\\ccs920\\ccs\\utils\\bin\\gmake" -k -j 8 all -O 
 
Building target: "Milestone1.out"
Invoking: ARM Linker
"C:/ti/ccs920/ccs/tools/compiler/ti-cgt-arm_18.12.3.LTS/bin/armcl" -mv7M4 --code_state=16 --float_support=FPv4SPD16 -me --define=ccs="ccs" --define=PART_TM4C123GH6PM -g --gcc --diag_warning=225 --diag_wrap=off --display_error_number --abi=eabi -z -m"Milestone1.map" --heap_size=128 --stack_size=512 -i"C:/ti/ccs920/ccs/tools/compiler/ti-cgt-arm_18.12.3.LTS/lib" -i"C:/ti/ccs920/ccs/tools/compiler/ti-cgt-arm_18.12.3.LTS/include" --reread_libs --diag_wrap=off --display_error_number --warn_sections --xml_link_info="Milestone1_linkInfo.xml" --rom_model -o "Milestone1.out" "./altitude.obj" "./buttons4.obj" "./circBufT.obj" "./control.obj" "./display.obj" "./main.obj" "./motor.obj" "./system.obj" "./tm4c123gh6pm_startup_ccs.obj" "./uart.obj" "./ustdlib.obj" "./yaw.obj" "./OrbitOLED/OrbitOLEDInterface.obj" "./OrbitOLED/lib_OrbitOled/ChrFont0.obj" "./OrbitOLED/lib_OrbitOled/FillPat.obj" "./OrbitOLED/lib_OrbitOled/OrbitOled.obj" "./OrbitOLED/lib_OrbitOled/OrbitOledChar.obj" "./OrbitOLED/lib_OrbitOled/OrbitOledGrph.obj" "./OrbitOLED/lib_OrbitOled/delay.obj" "../tm4c123gh6pm.cmd"  -llibc.a -l"C:/ti/TivaWare_C_Series-2.1.4.178/driverlib/ccs/Debug/driverlib.lib" 
<Linking>
 
 undefined  first referenced
  symbol        in file     
 ---------  ----------------
 UARTprintf ./main.obj      
 
 
error #10234-D: unresolved symbols remain
>> Compilation failure
makefile:164: recipe for target 'Milestone1.out' failed
error #10010: errors encountered during linking; "Milestone1.out" not built
gmake[1]: *** [Milestone1.out] Error 1
gmake: *** [all] Error 2
makefile:160: recipe for target 'all' failed

**** Build Finished ****
